<?xml version="1.0" encoding="UTF-8"?>
<!-- Generated by org.testng.reporters.JUnitXMLReporter -->
<testsuite hostname="BLRL5CG0287TTQ" ignored="0" name="Test" tests="5" failures="0" timestamp="2022-08-14T02:43:15 IST" time="7.49" errors="0">
  <testcase name="getEmployeeDetail" time="7.077" classname="com.tmb.tests.GetTests"/>
  <testcase name="getEmployeeDetail" time="0.112" classname="com.tmb.tests.GetTests"/>
  <testcase name="assignmentTest" time="7.241" classname="com.tmb.tests.AssignmentTests"/>
  <testcase name="getEmployeeDetail" time="0.077" classname="com.tmb.tests.GetTests"/>
  <testcase name="getEmployeeDetails" time="0.103" classname="com.tmb.tests.GetTests"/>
</testsuite> <!-- Test -->
